[18:49:58] [main/WARN]: Ambiguity between arguments [teleport, destination] and [teleport, targets] with inputs: [Player, 0123, @e, dd12be42-52a9-4a91-a8a1-11c01849e498]
[18:49:58] [main/WARN]: Ambiguity between arguments [teleport, location] and [teleport, destination] with inputs: [0.1 -0.5 .9, 0 0 0]
[18:49:58] [main/WARN]: Ambiguity between arguments [teleport, location] and [teleport, targets] with inputs: [0.1 -0.5 .9, 0 0 0]
[18:49:58] [main/WARN]: Ambiguity between arguments [teleport, targets] and [teleport, destination] with inputs: [Player, 0123, dd12be42-52a9-4a91-a8a1-11c01849e498]
[18:49:58] [main/WARN]: Ambiguity between arguments [teleport, targets, location] and [teleport, targets, destination] with inputs: [0.1 -0.5 .9, 0 0 0]
[18:49:58] [main/INFO]: Loaded 0 recipes
[18:49:58] [main/INFO]: Loaded 0 advancements
[18:49:58] [Server thread/INFO]: Starting minecraft server version 1.13.2
[18:49:58] [Server thread/INFO]: Loading properties
[18:49:58] [Server thread/INFO]: Default game type: SURVIVAL
[18:49:58] [Server thread/INFO]: Generating keypair
[18:49:58] [Server thread/INFO]: Starting Minecraft server on *:25565
[18:49:58] [Server thread/INFO]: Using default channel type
[18:49:59] [Server thread/INFO]: Preparing level "world"
[18:49:59] [Server thread/INFO]: Found new data pack vanilla, loading it automatically
[18:49:59] [Server thread/INFO]: Reloading ResourceManager: Default
[18:50:00] [Server thread/INFO]: Loaded 524 recipes
[18:50:01] [Server thread/INFO]: Loaded 571 advancements
[18:50:04] [Server thread/INFO]: Preparing start region for dimension minecraft:overworld
[18:50:05] [Server thread/INFO]: Preparing spawn area: 0%
[18:50:05] [Server thread/INFO]: Preparing spawn area: 4%
[18:50:06] [Server thread/INFO]: Preparing spawn area: 8%
[18:50:06] [Server thread/INFO]: Preparing spawn area: 12%
[18:50:06] [Server thread/INFO]: Preparing spawn area: 16%
[18:50:06] [Server thread/INFO]: Preparing spawn area: 20%
[18:50:07] [Server thread/INFO]: Preparing spawn area: 24%
[18:50:07] [Server thread/INFO]: Preparing spawn area: 28%
[18:50:07] [Server thread/INFO]: Preparing spawn area: 32%
[18:50:07] [Server thread/INFO]: Preparing spawn area: 36%
[18:50:08] [Server thread/INFO]: Preparing spawn area: 40%
[18:50:08] [Server thread/INFO]: Preparing spawn area: 44%
[18:50:08] [Server thread/INFO]: Preparing spawn area: 48%
[18:50:08] [Server thread/INFO]: Preparing spawn area: 52%
[18:50:09] [Server thread/INFO]: Preparing spawn area: 56%
[18:50:09] [Server thread/INFO]: Preparing spawn area: 60%
[18:50:09] [Server thread/INFO]: Preparing spawn area: 64%
[18:50:09] [Server thread/INFO]: Preparing spawn area: 68%
[18:50:10] [Server thread/INFO]: Preparing spawn area: 72%
[18:50:10] [Server thread/INFO]: Preparing spawn area: 76%
[18:50:10] [Server thread/INFO]: Preparing spawn area: 80%
[18:50:11] [Server thread/INFO]: Preparing spawn area: 84%
[18:50:11] [Server thread/INFO]: Preparing spawn area: 88%
[18:50:11] [Server thread/INFO]: Preparing spawn area: 92%
[18:50:12] [Server thread/INFO]: Preparing spawn area: 96%
[18:50:12] [Server thread/INFO]: Preparing spawn area: 100%
[18:50:12] [Server thread/INFO]: Time elapsed: 8147 ms
[18:50:12] [Server thread/INFO]: Done (12.883s)! For help, type "help"
